<?xml version="1.0" encoding="UTF-8"?>
<!-- Generated by org.testng.reporters.JUnitReportReporter -->
<testsuite hostname="Supercomputer" failures="0" tests="1" name="propertyHandling.readProperty" time="3.988" errors="0" timestamp="2022-08-19T16:58:24 IST" skipped="0">
  <testcase classname="propertyHandling.readProperty" name="f" time="3.988"/>
  <system-out/>
</testsuite> <!-- propertyHandling.readProperty -->
