<?xml version="1.0" encoding="UTF-8"?>
<!-- Generated by org.testng.reporters.JUnitReportReporter -->
<testsuite hostname="Supercomputer" failures="0" tests="1" name="csvHandling.csvReader" time="44.252" errors="0" timestamp="2022-08-19T15:28:38 IST" skipped="0">
  <testcase classname="csvHandling.csvReader" name="f" time="44.252"/>
  <system-out/>
</testsuite> <!-- csvHandling.csvReader -->
