<?xml version="1.0" encoding="UTF-8"?>
<!-- Generated by org.testng.reporters.JUnitReportReporter -->
<testsuite hostname="Supercomputer" failures="0" tests="1" name="excelHandling.readExcel" time="0.009" errors="0" timestamp="2022-08-19T12:34:44 IST" skipped="0">
  <testcase classname="excelHandling.readExcel" name="f" time="0.009"/>
  <system-out/>
</testsuite> <!-- excelHandling.readExcel -->
