<?xml version="1.0" encoding="UTF-8"?>
<!-- Generated by org.testng.reporters.JUnitReportReporter -->
<testsuite hostname="Supercomputer" failures="0" tests="2" name="testNG.App" time="7.731" errors="0" timestamp="2022-08-18T17:46:34 IST" skipped="0">
  <testcase classname="testNG.App" name="test1" time="3.828"/>
  <system-out/>
  <testcase classname="testNG.App" name="test2" time="3.903"/>
  <system-out/>
</testsuite> <!-- testNG.App -->
