<?xml version="1.0" encoding="UTF-8"?>
<!-- Generated by org.testng.reporters.JUnitReportReporter -->
<testsuite hostname="Supercomputer" failures="0" tests="5" name="excelHandling.NewTest" time="0.052" errors="0" timestamp="2022-08-19T11:36:45 IST" skipped="0">
  <testcase classname="excelHandling.NewTest" name="f" time="0.042"/>
  <system-out/>
  <testcase classname="excelHandling.NewTest" name="f" time="0.002"/>
  <system-out/>
  <testcase classname="excelHandling.NewTest" name="f" time="0.002"/>
  <system-out/>
  <testcase classname="excelHandling.NewTest" name="f" time="0.003"/>
  <system-out/>
  <testcase classname="excelHandling.NewTest" name="f" time="0.003"/>
  <system-out/>
</testsuite> <!-- excelHandling.NewTest -->
